c:\users\aaron\desktop\consolas\homemade\videogamesdevelopment4consloes\practica_fuego\obj\x64\debug\vc141.pdb
c:\users\aaron\desktop\consolas\homemade\videogamesdevelopment4consloes\practica_fuego\obj\x64\debug\vc141.idb
c:\users\aaron\desktop\consolas\homemade\videogamesdevelopment4consloes\practica_fuego\obj\x64\debug\rendererpc.obj
c:\users\aaron\desktop\consolas\homemade\videogamesdevelopment4consloes\practica_fuego\obj\x64\debug\platformpc.obj
c:\users\aaron\desktop\consolas\homemade\videogamesdevelopment4consloes\practica_fuego\obj\x64\debug\main.obj
c:\users\aaron\desktop\consolas\homemade\videogamesdevelopment4consloes\practica_fuego\obj\x64\debug\fire.obj
c:\users\aaron\desktop\consolas\homemade\videogamesdevelopment4consloes\practica_fuego\obj\x64\debug\sphere.obj
c:\users\aaron\desktop\consolas\homemade\videogamesdevelopment4consloes\practica_fuego\obj\x64\debug\whitebars.obj
c:\users\aaron\desktop\consolas\homemade\videogamesdevelopment4consloes\practica_fuego\obj\x64\debug\utils.obj
c:\users\aaron\desktop\consolas\homemade\videogamesdevelopment4consloes\practica_fuego\bin\x64\debug\prjpracticafuego.exe
c:\users\aaron\desktop\consolas\homemade\videogamesdevelopment4consloes\practica_fuego\bin\x64\debug\prjpracticafuego.ilk
c:\users\aaron\desktop\consolas\homemade\videogamesdevelopment4consloes\practica_fuego\bin\x64\debug\prjpracticafuego.pdb
c:\users\aaron\desktop\consolas\homemade\videogamesdevelopment4consloes\practica_fuego\obj\x64\debug\prjpracticafuego.tlog\cl.command.1.tlog
c:\users\aaron\desktop\consolas\homemade\videogamesdevelopment4consloes\practica_fuego\obj\x64\debug\prjpracticafuego.tlog\cl.read.1.tlog
c:\users\aaron\desktop\consolas\homemade\videogamesdevelopment4consloes\practica_fuego\obj\x64\debug\prjpracticafuego.tlog\cl.write.1.tlog
c:\users\aaron\desktop\consolas\homemade\videogamesdevelopment4consloes\practica_fuego\obj\x64\debug\prjpracticafuego.tlog\link-cvtres.read.1.tlog
c:\users\aaron\desktop\consolas\homemade\videogamesdevelopment4consloes\practica_fuego\obj\x64\debug\prjpracticafuego.tlog\link-cvtres.write.1.tlog
c:\users\aaron\desktop\consolas\homemade\videogamesdevelopment4consloes\practica_fuego\obj\x64\debug\prjpracticafuego.tlog\link-rc.read.1.tlog
c:\users\aaron\desktop\consolas\homemade\videogamesdevelopment4consloes\practica_fuego\obj\x64\debug\prjpracticafuego.tlog\link-rc.write.1.tlog
c:\users\aaron\desktop\consolas\homemade\videogamesdevelopment4consloes\practica_fuego\obj\x64\debug\prjpracticafuego.tlog\link.26032-cvtres.read.1.tlog
c:\users\aaron\desktop\consolas\homemade\videogamesdevelopment4consloes\practica_fuego\obj\x64\debug\prjpracticafuego.tlog\link.26032-cvtres.write.1.tlog
c:\users\aaron\desktop\consolas\homemade\videogamesdevelopment4consloes\practica_fuego\obj\x64\debug\prjpracticafuego.tlog\link.26032-rc.read.1.tlog
c:\users\aaron\desktop\consolas\homemade\videogamesdevelopment4consloes\practica_fuego\obj\x64\debug\prjpracticafuego.tlog\link.26032-rc.write.1.tlog
c:\users\aaron\desktop\consolas\homemade\videogamesdevelopment4consloes\practica_fuego\obj\x64\debug\prjpracticafuego.tlog\link.26032.read.1.tlog
c:\users\aaron\desktop\consolas\homemade\videogamesdevelopment4consloes\practica_fuego\obj\x64\debug\prjpracticafuego.tlog\link.26032.write.1.tlog
c:\users\aaron\desktop\consolas\homemade\videogamesdevelopment4consloes\practica_fuego\obj\x64\debug\prjpracticafuego.tlog\link.command.1.tlog
c:\users\aaron\desktop\consolas\homemade\videogamesdevelopment4consloes\practica_fuego\obj\x64\debug\prjpracticafuego.tlog\link.read.1.tlog
c:\users\aaron\desktop\consolas\homemade\videogamesdevelopment4consloes\practica_fuego\obj\x64\debug\prjpracticafuego.tlog\link.write.1.tlog
